[debug] [2022-12-13T13:01:43.126Z] ----------------------------------------------------------------------
[debug] [2022-12-13T13:01:43.128Z] Command:       /usr/bin/node /usr/bin/firebase login
[debug] [2022-12-13T13:01:43.129Z] CLI Version:   11.18.0
[debug] [2022-12-13T13:01:43.129Z] Platform:      linux
[debug] [2022-12-13T13:01:43.129Z] Node Version:  v18.12.1
[debug] [2022-12-13T13:01:43.129Z] Time:          Tue Dec 13 2022 18:31:43 GMT+0530 (India Standard Time)
[debug] [2022-12-13T13:01:43.130Z] ----------------------------------------------------------------------
[debug] 
[debug] [2022-12-13T13:01:43.132Z] >>> [apiv2][query] GET https://firebase-public.firebaseio.com/cli.json [none]
[info] i  Firebase optionally collects CLI and Emulator Suite usage and error reporting information to help improve our products. Data is collected in accordance with Google's privacy policy (https://policies.google.com/privacy) and is not used to identify you.
 
[debug] [2022-12-13T13:01:44.181Z] <<< [apiv2][status] GET https://firebase-public.firebaseio.com/cli.json 200
[debug] [2022-12-13T13:01:44.184Z] <<< [apiv2][body] GET https://firebase-public.firebaseio.com/cli.json {"cloudBuildErrorAfter":1594252800000,"cloudBuildWarnAfter":1590019200000,"defaultNode10After":1594252800000,"minVersion":"3.0.5","node8DeploysDisabledAfter":1613390400000,"node8RuntimeDisabledAfter":1615809600000,"node8WarnAfter":1600128000000}
[info] i  To change your data collection preference at any time, run `firebase logout` and log in again. 
[info] 
[info] Visit this URL on this device to log in:
[info] https://accounts.google.com/o/oauth2/auth?client_id=563584335869-fgrhgmd47bqnekij5i8b5pr03ho849e6.apps.googleusercontent.com&scope=email%20openid%20https%3A%2F%2Fwww.googleapis.com%2Fauth%2Fcloudplatformprojects.readonly%20https%3A%2F%2Fwww.googleapis.com%2Fauth%2Ffirebase%20https%3A%2F%2Fwww.googleapis.com%2Fauth%2Fcloud-platform&response_type=code&state=667394265&redirect_uri=http%3A%2F%2Flocalhost%3A9005
[info] 
[info] Waiting for authentication...
[debug] [2022-12-13T13:01:59.848Z] >>> [apiv2][query] POST https://accounts.google.com/o/oauth2/token [none]
[debug] [2022-12-13T13:01:59.849Z] >>> [apiv2][body] POST https://accounts.google.com/o/oauth2/token [omitted]
[debug] [2022-12-13T13:02:00.293Z] <<< [apiv2][status] POST https://accounts.google.com/o/oauth2/token 200
[debug] [2022-12-13T13:02:00.294Z] <<< [apiv2][body] POST https://accounts.google.com/o/oauth2/token [omitted]
[info] 
[info] ✔  Success! Logged in as vishu.im.0007@gmail.com 
[debug] [2022-12-13T13:02:05.718Z] Error: Timed out.
    at Timeout._onTimeout (/usr/lib/node_modules/firebase-tools/lib/utils.js:253:49)
    at listOnTimeout (node:internal/timers:564:17)
    at process.processTimers (node:internal/timers:507:7)
[error] 
[error] Error: An unexpected error has occurred.
[debug] [2022-12-13T13:07:15.920Z] ----------------------------------------------------------------------
[debug] [2022-12-13T13:07:15.922Z] Command:       /usr/bin/node /usr/bin/firebase deploy
[debug] [2022-12-13T13:07:15.922Z] CLI Version:   11.18.0
[debug] [2022-12-13T13:07:15.922Z] Platform:      linux
[debug] [2022-12-13T13:07:15.923Z] Node Version:  v18.12.1
[debug] [2022-12-13T13:07:15.923Z] Time:          Tue Dec 13 2022 18:37:15 GMT+0530 (India Standard Time)
[debug] [2022-12-13T13:07:15.923Z] ----------------------------------------------------------------------
[debug] 
[debug] [2022-12-13T13:07:15.994Z] > command requires scopes: ["email","openid","https://www.googleapis.com/auth/cloudplatformprojects.readonly","https://www.googleapis.com/auth/firebase","https://www.googleapis.com/auth/cloud-platform"]
[debug] [2022-12-13T13:07:15.995Z] > authorizing via signed-in user (vishu.im.0007@gmail.com)
[debug] [2022-12-13T13:07:15.995Z] [iam] checking project vishal-personal-portfolio for permissions ["firebase.projects.get","firebasehosting.sites.update"]
[debug] [2022-12-13T13:07:15.998Z] >>> [apiv2][query] POST https://cloudresourcemanager.googleapis.com/v1/projects/vishal-personal-portfolio:testIamPermissions [none]
[debug] [2022-12-13T13:07:15.999Z] >>> [apiv2][(partial)header] POST https://cloudresourcemanager.googleapis.com/v1/projects/vishal-personal-portfolio:testIamPermissions x-goog-quota-user=projects/vishal-personal-portfolio
[debug] [2022-12-13T13:07:15.999Z] >>> [apiv2][body] POST https://cloudresourcemanager.googleapis.com/v1/projects/vishal-personal-portfolio:testIamPermissions {"permissions":["firebase.projects.get","firebasehosting.sites.update"]}
[debug] [2022-12-13T13:07:18.066Z] <<< [apiv2][status] POST https://cloudresourcemanager.googleapis.com/v1/projects/vishal-personal-portfolio:testIamPermissions 200
[debug] [2022-12-13T13:07:18.067Z] <<< [apiv2][body] POST https://cloudresourcemanager.googleapis.com/v1/projects/vishal-personal-portfolio:testIamPermissions {"permissions":["firebase.projects.get","firebasehosting.sites.update"]}
[debug] [2022-12-13T13:07:18.069Z] >>> [apiv2][query] GET https://firebase.googleapis.com/v1beta1/projects/vishal-personal-portfolio [none]
[debug] [2022-12-13T13:07:18.864Z] <<< [apiv2][status] GET https://firebase.googleapis.com/v1beta1/projects/vishal-personal-portfolio 200
[debug] [2022-12-13T13:07:18.865Z] <<< [apiv2][body] GET https://firebase.googleapis.com/v1beta1/projects/vishal-personal-portfolio {"projectId":"vishal-personal-portfolio","projectNumber":"919081997977","displayName":"vishal Personal Portfolio","name":"projects/vishal-personal-portfolio","resources":{"hostingSite":"vishal-personal-portfolio"},"state":"ACTIVE","etag":"1_edac1be6-9323-4101-9036-64c010d31673"}
[info] 
[info] === Deploying to 'vishal-personal-portfolio'...
[info] 
[info] i  deploying hosting 
[debug] [2022-12-13T13:07:18.876Z] >>> [apiv2][query] POST https://firebasehosting.googleapis.com/v1beta1/projects/-/sites/vishal-personal-portfolio/versions [none]
[debug] [2022-12-13T13:07:18.877Z] >>> [apiv2][body] POST https://firebasehosting.googleapis.com/v1beta1/projects/-/sites/vishal-personal-portfolio/versions {"status":"CREATED","labels":{"deployment-tool":"cli-firebase"}}
[debug] [2022-12-13T13:07:20.634Z] <<< [apiv2][status] POST https://firebasehosting.googleapis.com/v1beta1/projects/-/sites/vishal-personal-portfolio/versions 200
[debug] [2022-12-13T13:07:20.635Z] <<< [apiv2][body] POST https://firebasehosting.googleapis.com/v1beta1/projects/-/sites/vishal-personal-portfolio/versions {"name":"projects/919081997977/sites/vishal-personal-portfolio/versions/ad190bc33c6d2f62","status":"CREATED","config":{},"labels":{"deployment-tool":"cli-firebase"}}
[info] i  hosting[vishal-personal-portfolio]: beginning deploy... 
[info] i  hosting[vishal-personal-portfolio]: found 12 files in build 
[debug] [2022-12-13T13:09:29.517Z] [hosting] uploading with 200 concurrency
[debug] [2022-12-13T13:09:29.872Z] [hosting] hash cache [YnVpbGQ] stored for 12 files
[debug] [2022-12-13T13:09:29.873Z] [hosting][hash queue][FINAL] {"max":342,"min":19,"avg":55,"active":0,"complete":12,"success":12,"errored":0,"retried":0,"total":12,"elapsed":350}
[debug] [2022-12-13T13:09:29.874Z] >>> [apiv2][query] POST https://firebasehosting.googleapis.com/v1beta1/projects/919081997977/sites/vishal-personal-portfolio/versions/ad190bc33c6d2f62:populateFiles [none]
[debug] [2022-12-13T13:09:29.875Z] >>> [apiv2][body] POST https://firebasehosting.googleapis.com/v1beta1/projects/919081997977/sites/vishal-personal-portfolio/versions/ad190bc33c6d2f62:populateFiles {"files":{"/asset-manifest.json":"4c0993e4e55db42e24ec3ce2ae833306095ce75e6926452a4a4918be249fd4ea","/index.html":"1a95fff9d4006d7a6fe9f9f1b7e8405a15db7782e98558eff74604862cf0219c","/static/css/main.7a77fa39.css":"2af4fef58c80cafd3e38b97c6b926f29baddc0df2af442a92fc2133108470654","/static/css/main.7a77fa39.css.map":"34afee688cdbe3356da12d511232a363f37616d3827412e640d71765be7ab168","/static/js/main.e06c687f.js.LICENSE.txt":"8b1e07e6784c058faaf19b5afd70d1c85fafd356d90b74407d054d602eb6abdf","/favicon.ico":"54dca38b04470a1f69506a08d316672e95c150387e66a1581767136d26224819","/static/media/about.784aeb46c83f03736348.png":"501a6cecf82c71faad1df7a4365ebf2dff996d0dfaf021a32be3228d302be7c0","/static/media/project.8d36763635bf27a94d4e.png":"afb02a67d4e91786d43032532fe7e56af0f5ebc73cf1bb34ccfc8eb11891c1b0","/static/media/skills.105e74ba922c1157abf0.png":"319921b941fe3da7f3d730d8797acc36844726511843b9cb2e4b2f0df6c5682a","/static/media/experience.21804cd7f29ee54ecb5f.png":"f90d9b2a85644b1ed38c2cb42aaffee64963eaf808f0e9144ebd5e61e40c1932","/static/js/main.e06c687f.js":"8b07d608a70d781d4e10d02bc8f23d26c1ebf2350d77514733432585f4233b7e","/static/js/main.e06c687f.js.map":"05d7444c9fa608f269ea353ab6702bda5a4fd033f040bc0b312fb82a27728ca3"}}
[debug] [2022-12-13T13:09:32.116Z] <<< [apiv2][status] POST https://firebasehosting.googleapis.com/v1beta1/projects/919081997977/sites/vishal-personal-portfolio/versions/ad190bc33c6d2f62:populateFiles 200
[debug] [2022-12-13T13:09:32.116Z] <<< [apiv2][body] POST https://firebasehosting.googleapis.com/v1beta1/projects/919081997977/sites/vishal-personal-portfolio/versions/ad190bc33c6d2f62:populateFiles {"uploadRequiredHashes":["1a95fff9d4006d7a6fe9f9f1b7e8405a15db7782e98558eff74604862cf0219c","8b07d608a70d781d4e10d02bc8f23d26c1ebf2350d77514733432585f4233b7e","4c0993e4e55db42e24ec3ce2ae833306095ce75e6926452a4a4918be249fd4ea","2af4fef58c80cafd3e38b97c6b926f29baddc0df2af442a92fc2133108470654","34afee688cdbe3356da12d511232a363f37616d3827412e640d71765be7ab168","8b1e07e6784c058faaf19b5afd70d1c85fafd356d90b74407d054d602eb6abdf","319921b941fe3da7f3d730d8797acc36844726511843b9cb2e4b2f0df6c5682a","05d7444c9fa608f269ea353ab6702bda5a4fd033f040bc0b312fb82a27728ca3","afb02a67d4e91786d43032532fe7e56af0f5ebc73cf1bb34ccfc8eb11891c1b0","54dca38b04470a1f69506a08d316672e95c150387e66a1581767136d26224819","501a6cecf82c71faad1df7a4365ebf2dff996d0dfaf021a32be3228d302be7c0","f90d9b2a85644b1ed38c2cb42aaffee64963eaf808f0e9144ebd5e61e40c1932"],"uploadUrl":"https://upload-firebasehosting.googleapis.com/upload/sites/vishal-personal-portfolio/versions/ad190bc33c6d2f62/files"}
[debug] [2022-12-13T13:09:32.120Z] >>> [apiv2][query] POST https://upload-firebasehosting.googleapis.com/upload/sites/vishal-personal-portfolio/versions/ad190bc33c6d2f62/files/1a95fff9d4006d7a6fe9f9f1b7e8405a15db7782e98558eff74604862cf0219c [none]
[debug] [2022-12-13T13:09:32.120Z] >>> [apiv2][body] POST https://upload-firebasehosting.googleapis.com/upload/sites/vishal-personal-portfolio/versions/ad190bc33c6d2f62/files/1a95fff9d4006d7a6fe9f9f1b7e8405a15db7782e98558eff74604862cf0219c [stream]
[debug] [2022-12-13T13:09:32.123Z] >>> [apiv2][query] POST https://upload-firebasehosting.googleapis.com/upload/sites/vishal-personal-portfolio/versions/ad190bc33c6d2f62/files/8b07d608a70d781d4e10d02bc8f23d26c1ebf2350d77514733432585f4233b7e [none]
[debug] [2022-12-13T13:09:32.124Z] >>> [apiv2][body] POST https://upload-firebasehosting.googleapis.com/upload/sites/vishal-personal-portfolio/versions/ad190bc33c6d2f62/files/8b07d608a70d781d4e10d02bc8f23d26c1ebf2350d77514733432585f4233b7e [stream]
[debug] [2022-12-13T13:09:32.128Z] >>> [apiv2][query] POST https://upload-firebasehosting.googleapis.com/upload/sites/vishal-personal-portfolio/versions/ad190bc33c6d2f62/files/4c0993e4e55db42e24ec3ce2ae833306095ce75e6926452a4a4918be249fd4ea [none]
[debug] [2022-12-13T13:09:32.129Z] >>> [apiv2][body] POST https://upload-firebasehosting.googleapis.com/upload/sites/vishal-personal-portfolio/versions/ad190bc33c6d2f62/files/4c0993e4e55db42e24ec3ce2ae833306095ce75e6926452a4a4918be249fd4ea [stream]
[debug] [2022-12-13T13:09:32.130Z] >>> [apiv2][query] POST https://upload-firebasehosting.googleapis.com/upload/sites/vishal-personal-portfolio/versions/ad190bc33c6d2f62/files/2af4fef58c80cafd3e38b97c6b926f29baddc0df2af442a92fc2133108470654 [none]
[debug] [2022-12-13T13:09:32.130Z] >>> [apiv2][body] POST https://upload-firebasehosting.googleapis.com/upload/sites/vishal-personal-portfolio/versions/ad190bc33c6d2f62/files/2af4fef58c80cafd3e38b97c6b926f29baddc0df2af442a92fc2133108470654 [stream]
[debug] [2022-12-13T13:09:32.132Z] >>> [apiv2][query] POST https://upload-firebasehosting.googleapis.com/upload/sites/vishal-personal-portfolio/versions/ad190bc33c6d2f62/files/34afee688cdbe3356da12d511232a363f37616d3827412e640d71765be7ab168 [none]
[debug] [2022-12-13T13:09:32.132Z] >>> [apiv2][body] POST https://upload-firebasehosting.googleapis.com/upload/sites/vishal-personal-portfolio/versions/ad190bc33c6d2f62/files/34afee688cdbe3356da12d511232a363f37616d3827412e640d71765be7ab168 [stream]
[debug] [2022-12-13T13:09:32.134Z] >>> [apiv2][query] POST https://upload-firebasehosting.googleapis.com/upload/sites/vishal-personal-portfolio/versions/ad190bc33c6d2f62/files/8b1e07e6784c058faaf19b5afd70d1c85fafd356d90b74407d054d602eb6abdf [none]
[debug] [2022-12-13T13:09:32.135Z] >>> [apiv2][body] POST https://upload-firebasehosting.googleapis.com/upload/sites/vishal-personal-portfolio/versions/ad190bc33c6d2f62/files/8b1e07e6784c058faaf19b5afd70d1c85fafd356d90b74407d054d602eb6abdf [stream]
[debug] [2022-12-13T13:09:32.137Z] >>> [apiv2][query] POST https://upload-firebasehosting.googleapis.com/upload/sites/vishal-personal-portfolio/versions/ad190bc33c6d2f62/files/319921b941fe3da7f3d730d8797acc36844726511843b9cb2e4b2f0df6c5682a [none]
[debug] [2022-12-13T13:09:32.137Z] >>> [apiv2][body] POST https://upload-firebasehosting.googleapis.com/upload/sites/vishal-personal-portfolio/versions/ad190bc33c6d2f62/files/319921b941fe3da7f3d730d8797acc36844726511843b9cb2e4b2f0df6c5682a [stream]
[debug] [2022-12-13T13:09:32.139Z] >>> [apiv2][query] POST https://upload-firebasehosting.googleapis.com/upload/sites/vishal-personal-portfolio/versions/ad190bc33c6d2f62/files/05d7444c9fa608f269ea353ab6702bda5a4fd033f040bc0b312fb82a27728ca3 [none]
[debug] [2022-12-13T13:09:32.140Z] >>> [apiv2][body] POST https://upload-firebasehosting.googleapis.com/upload/sites/vishal-personal-portfolio/versions/ad190bc33c6d2f62/files/05d7444c9fa608f269ea353ab6702bda5a4fd033f040bc0b312fb82a27728ca3 [stream]
[debug] [2022-12-13T13:09:32.142Z] >>> [apiv2][query] POST https://upload-firebasehosting.googleapis.com/upload/sites/vishal-personal-portfolio/versions/ad190bc33c6d2f62/files/afb02a67d4e91786d43032532fe7e56af0f5ebc73cf1bb34ccfc8eb11891c1b0 [none]
[debug] [2022-12-13T13:09:32.142Z] >>> [apiv2][body] POST https://upload-firebasehosting.googleapis.com/upload/sites/vishal-personal-portfolio/versions/ad190bc33c6d2f62/files/afb02a67d4e91786d43032532fe7e56af0f5ebc73cf1bb34ccfc8eb11891c1b0 [stream]
[debug] [2022-12-13T13:09:32.146Z] >>> [apiv2][query] POST https://upload-firebasehosting.googleapis.com/upload/sites/vishal-personal-portfolio/versions/ad190bc33c6d2f62/files/54dca38b04470a1f69506a08d316672e95c150387e66a1581767136d26224819 [none]
[debug] [2022-12-13T13:09:32.146Z] >>> [apiv2][body] POST https://upload-firebasehosting.googleapis.com/upload/sites/vishal-personal-portfolio/versions/ad190bc33c6d2f62/files/54dca38b04470a1f69506a08d316672e95c150387e66a1581767136d26224819 [stream]
[debug] [2022-12-13T13:09:32.148Z] >>> [apiv2][query] POST https://upload-firebasehosting.googleapis.com/upload/sites/vishal-personal-portfolio/versions/ad190bc33c6d2f62/files/501a6cecf82c71faad1df7a4365ebf2dff996d0dfaf021a32be3228d302be7c0 [none]
[debug] [2022-12-13T13:09:32.149Z] >>> [apiv2][body] POST https://upload-firebasehosting.googleapis.com/upload/sites/vishal-personal-portfolio/versions/ad190bc33c6d2f62/files/501a6cecf82c71faad1df7a4365ebf2dff996d0dfaf021a32be3228d302be7c0 [stream]
[debug] [2022-12-13T13:09:32.150Z] >>> [apiv2][query] POST https://upload-firebasehosting.googleapis.com/upload/sites/vishal-personal-portfolio/versions/ad190bc33c6d2f62/files/f90d9b2a85644b1ed38c2cb42aaffee64963eaf808f0e9144ebd5e61e40c1932 [none]
[debug] [2022-12-13T13:09:32.150Z] >>> [apiv2][body] POST https://upload-firebasehosting.googleapis.com/upload/sites/vishal-personal-portfolio/versions/ad190bc33c6d2f62/files/f90d9b2a85644b1ed38c2cb42aaffee64963eaf808f0e9144ebd5e61e40c1932 [stream]
[debug] [2022-12-13T13:09:32.151Z] [hosting][populate queue][FINAL] {"max":2248,"min":2248,"avg":2248,"active":0,"complete":1,"success":1,"errored":0,"retried":0,"total":1,"elapsed":2280}
[debug] [2022-12-13T13:09:32.151Z] [hosting] uploads queued: 12
[debug] [2022-12-13T13:09:34.959Z] <<< [apiv2][status] POST https://upload-firebasehosting.googleapis.com/upload/sites/vishal-personal-portfolio/versions/ad190bc33c6d2f62/files/34afee688cdbe3356da12d511232a363f37616d3827412e640d71765be7ab168 200
[debug] [2022-12-13T13:09:34.959Z] <<< [apiv2][body] POST https://upload-firebasehosting.googleapis.com/upload/sites/vishal-personal-portfolio/versions/ad190bc33c6d2f62/files/34afee688cdbe3356da12d511232a363f37616d3827412e640d71765be7ab168 [stream]
[debug] [2022-12-13T13:09:34.962Z] <<< [apiv2][status] POST https://upload-firebasehosting.googleapis.com/upload/sites/vishal-personal-portfolio/versions/ad190bc33c6d2f62/files/2af4fef58c80cafd3e38b97c6b926f29baddc0df2af442a92fc2133108470654 200
[debug] [2022-12-13T13:09:34.962Z] <<< [apiv2][body] POST https://upload-firebasehosting.googleapis.com/upload/sites/vishal-personal-portfolio/versions/ad190bc33c6d2f62/files/2af4fef58c80cafd3e38b97c6b926f29baddc0df2af442a92fc2133108470654 [stream]
[debug] [2022-12-13T13:09:35.038Z] <<< [apiv2][status] POST https://upload-firebasehosting.googleapis.com/upload/sites/vishal-personal-portfolio/versions/ad190bc33c6d2f62/files/1a95fff9d4006d7a6fe9f9f1b7e8405a15db7782e98558eff74604862cf0219c 200
[debug] [2022-12-13T13:09:35.039Z] <<< [apiv2][body] POST https://upload-firebasehosting.googleapis.com/upload/sites/vishal-personal-portfolio/versions/ad190bc33c6d2f62/files/1a95fff9d4006d7a6fe9f9f1b7e8405a15db7782e98558eff74604862cf0219c [stream]
[debug] [2022-12-13T13:09:35.362Z] <<< [apiv2][status] POST https://upload-firebasehosting.googleapis.com/upload/sites/vishal-personal-portfolio/versions/ad190bc33c6d2f62/files/8b1e07e6784c058faaf19b5afd70d1c85fafd356d90b74407d054d602eb6abdf 200
[debug] [2022-12-13T13:09:35.363Z] <<< [apiv2][body] POST https://upload-firebasehosting.googleapis.com/upload/sites/vishal-personal-portfolio/versions/ad190bc33c6d2f62/files/8b1e07e6784c058faaf19b5afd70d1c85fafd356d90b74407d054d602eb6abdf [stream]
[debug] [2022-12-13T13:09:35.616Z] <<< [apiv2][status] POST https://upload-firebasehosting.googleapis.com/upload/sites/vishal-personal-portfolio/versions/ad190bc33c6d2f62/files/4c0993e4e55db42e24ec3ce2ae833306095ce75e6926452a4a4918be249fd4ea 200
[debug] [2022-12-13T13:09:35.616Z] <<< [apiv2][body] POST https://upload-firebasehosting.googleapis.com/upload/sites/vishal-personal-portfolio/versions/ad190bc33c6d2f62/files/4c0993e4e55db42e24ec3ce2ae833306095ce75e6926452a4a4918be249fd4ea [stream]
[debug] [2022-12-13T13:09:35.630Z] <<< [apiv2][status] POST https://upload-firebasehosting.googleapis.com/upload/sites/vishal-personal-portfolio/versions/ad190bc33c6d2f62/files/319921b941fe3da7f3d730d8797acc36844726511843b9cb2e4b2f0df6c5682a 200
[debug] [2022-12-13T13:09:35.630Z] <<< [apiv2][body] POST https://upload-firebasehosting.googleapis.com/upload/sites/vishal-personal-portfolio/versions/ad190bc33c6d2f62/files/319921b941fe3da7f3d730d8797acc36844726511843b9cb2e4b2f0df6c5682a [stream]
[debug] [2022-12-13T13:09:35.632Z] <<< [apiv2][status] POST https://upload-firebasehosting.googleapis.com/upload/sites/vishal-personal-portfolio/versions/ad190bc33c6d2f62/files/54dca38b04470a1f69506a08d316672e95c150387e66a1581767136d26224819 200
[debug] [2022-12-13T13:09:35.632Z] <<< [apiv2][body] POST https://upload-firebasehosting.googleapis.com/upload/sites/vishal-personal-portfolio/versions/ad190bc33c6d2f62/files/54dca38b04470a1f69506a08d316672e95c150387e66a1581767136d26224819 [stream]
[debug] [2022-12-13T13:09:35.646Z] <<< [apiv2][status] POST https://upload-firebasehosting.googleapis.com/upload/sites/vishal-personal-portfolio/versions/ad190bc33c6d2f62/files/501a6cecf82c71faad1df7a4365ebf2dff996d0dfaf021a32be3228d302be7c0 200
[debug] [2022-12-13T13:09:35.647Z] <<< [apiv2][body] POST https://upload-firebasehosting.googleapis.com/upload/sites/vishal-personal-portfolio/versions/ad190bc33c6d2f62/files/501a6cecf82c71faad1df7a4365ebf2dff996d0dfaf021a32be3228d302be7c0 [stream]
[debug] [2022-12-13T13:09:35.659Z] <<< [apiv2][status] POST https://upload-firebasehosting.googleapis.com/upload/sites/vishal-personal-portfolio/versions/ad190bc33c6d2f62/files/8b07d608a70d781d4e10d02bc8f23d26c1ebf2350d77514733432585f4233b7e 200
[debug] [2022-12-13T13:09:35.659Z] <<< [apiv2][body] POST https://upload-firebasehosting.googleapis.com/upload/sites/vishal-personal-portfolio/versions/ad190bc33c6d2f62/files/8b07d608a70d781d4e10d02bc8f23d26c1ebf2350d77514733432585f4233b7e [stream]
[debug] [2022-12-13T13:09:35.664Z] <<< [apiv2][status] POST https://upload-firebasehosting.googleapis.com/upload/sites/vishal-personal-portfolio/versions/ad190bc33c6d2f62/files/afb02a67d4e91786d43032532fe7e56af0f5ebc73cf1bb34ccfc8eb11891c1b0 200
[debug] [2022-12-13T13:09:35.664Z] <<< [apiv2][body] POST https://upload-firebasehosting.googleapis.com/upload/sites/vishal-personal-portfolio/versions/ad190bc33c6d2f62/files/afb02a67d4e91786d43032532fe7e56af0f5ebc73cf1bb34ccfc8eb11891c1b0 [stream]
[debug] [2022-12-13T13:09:36.207Z] <<< [apiv2][status] POST https://upload-firebasehosting.googleapis.com/upload/sites/vishal-personal-portfolio/versions/ad190bc33c6d2f62/files/f90d9b2a85644b1ed38c2cb42aaffee64963eaf808f0e9144ebd5e61e40c1932 200
[debug] [2022-12-13T13:09:36.208Z] <<< [apiv2][body] POST https://upload-firebasehosting.googleapis.com/upload/sites/vishal-personal-portfolio/versions/ad190bc33c6d2f62/files/f90d9b2a85644b1ed38c2cb42aaffee64963eaf808f0e9144ebd5e61e40c1932 [stream]
[debug] [2022-12-13T13:09:36.211Z] <<< [apiv2][status] POST https://upload-firebasehosting.googleapis.com/upload/sites/vishal-personal-portfolio/versions/ad190bc33c6d2f62/files/05d7444c9fa608f269ea353ab6702bda5a4fd033f040bc0b312fb82a27728ca3 200
[debug] [2022-12-13T13:09:36.212Z] <<< [apiv2][body] POST https://upload-firebasehosting.googleapis.com/upload/sites/vishal-personal-portfolio/versions/ad190bc33c6d2f62/files/05d7444c9fa608f269ea353ab6702bda5a4fd033f040bc0b312fb82a27728ca3 [stream]
[debug] [2022-12-13T13:09:36.214Z] [hosting][upload queue][FINAL] {"max":4095,"min":2842,"avg":3431.5833333333335,"active":0,"complete":12,"success":12,"errored":0,"retried":0,"total":12,"elapsed":4098}
[info] ✔  hosting[vishal-personal-portfolio]: file upload complete 
[debug] [2022-12-13T13:09:36.218Z] [hosting] deploy completed after 6715ms
[debug] [2022-12-13T13:09:36.233Z] [
  {
    "config": {
      "public": "build",
      "ignore": [
        "firebase.json",
        "**/.*",
        "**/node_modules/**"
      ],
      "rewrites": [
        {
          "source": "**",
          "destination": "/index.html"
        }
      ],
      "site": "vishal-personal-portfolio"
    },
    "version": "projects/919081997977/sites/vishal-personal-portfolio/versions/ad190bc33c6d2f62"
  }
]
[info] i  hosting[vishal-personal-portfolio]: finalizing version... 
[debug] [2022-12-13T13:09:36.237Z] >>> [apiv2][query] PATCH https://firebasehosting.googleapis.com/v1beta1/projects/-/sites/vishal-personal-portfolio/versions/ad190bc33c6d2f62 updateMask=status%2Cconfig
[debug] [2022-12-13T13:09:36.237Z] >>> [apiv2][body] PATCH https://firebasehosting.googleapis.com/v1beta1/projects/-/sites/vishal-personal-portfolio/versions/ad190bc33c6d2f62 {"status":"FINALIZED","config":{"rewrites":[{"glob":"**","path":"/index.html"}]}}
[debug] [2022-12-13T13:09:37.945Z] <<< [apiv2][status] PATCH https://firebasehosting.googleapis.com/v1beta1/projects/-/sites/vishal-personal-portfolio/versions/ad190bc33c6d2f62 200
[debug] [2022-12-13T13:09:37.946Z] <<< [apiv2][body] PATCH https://firebasehosting.googleapis.com/v1beta1/projects/-/sites/vishal-personal-portfolio/versions/ad190bc33c6d2f62 {"name":"projects/919081997977/sites/vishal-personal-portfolio/versions/ad190bc33c6d2f62","status":"FINALIZED","config":{"rewrites":[{"glob":"**","path":"/index.html"}]},"labels":{"deployment-tool":"cli-firebase"},"createTime":"2022-12-13T13:07:20.198275Z","createUser":{"email":"vishu.im.0007@gmail.com"},"finalizeTime":"2022-12-13T13:09:37.307307Z","finalizeUser":{"email":"vishu.im.0007@gmail.com"}}
[debug] [2022-12-13T13:09:37.947Z] [hosting] finalized version for vishal-personal-portfolio:[object Object]
[info] ✔  hosting[vishal-personal-portfolio]: version finalized 
[info] i  hosting[vishal-personal-portfolio]: releasing new version... 
[debug] [2022-12-13T13:09:37.955Z] >>> [apiv2][query] POST https://firebasehosting.googleapis.com/v1beta1/projects/-/sites/vishal-personal-portfolio/channels/live/releases versionName=projects%2F919081997977%2Fsites%2Fvishal-personal-portfolio%2Fversions%2Fad190bc33c6d2f62
[debug] [2022-12-13T13:09:37.956Z] >>> [apiv2][body] POST https://firebasehosting.googleapis.com/v1beta1/projects/-/sites/vishal-personal-portfolio/channels/live/releases {}
[debug] [2022-12-13T13:09:40.318Z] <<< [apiv2][status] POST https://firebasehosting.googleapis.com/v1beta1/projects/-/sites/vishal-personal-portfolio/channels/live/releases 200
[debug] [2022-12-13T13:09:40.318Z] <<< [apiv2][body] POST https://firebasehosting.googleapis.com/v1beta1/projects/-/sites/vishal-personal-portfolio/channels/live/releases {"name":"projects/919081997977/sites/vishal-personal-portfolio/channels/live/releases/1670936979470705","version":{"name":"projects/919081997977/sites/vishal-personal-portfolio/versions/ad190bc33c6d2f62","status":"FINALIZED","config":{"rewrites":[{"glob":"**","path":"/index.html"}]},"labels":{"deployment-tool":"cli-firebase"},"createTime":"2022-12-13T13:07:20.198275Z","createUser":{"email":"vishu.im.0007@gmail.com","imageUrl":"https://lh3.googleusercontent.com/a/AEdFTp7r19ohOKeIm6XCjVEujmKka6YJrMSWB8y-1ldDyg"},"finalizeTime":"2022-12-13T13:09:37.307307Z","finalizeUser":{"email":"vishu.im.0007@gmail.com","imageUrl":"https://lh3.googleusercontent.com/a/AEdFTp7r19ohOKeIm6XCjVEujmKka6YJrMSWB8y-1ldDyg"}},"type":"DEPLOY","releaseTime":"2022-12-13T13:09:39.470705712Z","releaseUser":{"email":"vishu.im.0007@gmail.com","imageUrl":"https://lh3.googleusercontent.com/a/AEdFTp7r19ohOKeIm6XCjVEujmKka6YJrMSWB8y-1ldDyg"}}
[debug] [2022-12-13T13:09:40.319Z] [hosting] release: {"name":"projects/919081997977/sites/vishal-personal-portfolio/channels/live/releases/1670936979470705","version":{"name":"projects/919081997977/sites/vishal-personal-portfolio/versions/ad190bc33c6d2f62","status":"FINALIZED","config":{"rewrites":[{"glob":"**","path":"/index.html"}]},"labels":{"deployment-tool":"cli-firebase"},"createTime":"2022-12-13T13:07:20.198275Z","createUser":{"email":"vishu.im.0007@gmail.com","imageUrl":"https://lh3.googleusercontent.com/a/AEdFTp7r19ohOKeIm6XCjVEujmKka6YJrMSWB8y-1ldDyg"},"finalizeTime":"2022-12-13T13:09:37.307307Z","finalizeUser":{"email":"vishu.im.0007@gmail.com","imageUrl":"https://lh3.googleusercontent.com/a/AEdFTp7r19ohOKeIm6XCjVEujmKka6YJrMSWB8y-1ldDyg"}},"type":"DEPLOY","releaseTime":"2022-12-13T13:09:39.470705712Z","releaseUser":{"email":"vishu.im.0007@gmail.com","imageUrl":"https://lh3.googleusercontent.com/a/AEdFTp7r19ohOKeIm6XCjVEujmKka6YJrMSWB8y-1ldDyg"}}
[info] ✔  hosting[vishal-personal-portfolio]: release complete 
[info] 
[info] ✔  Deploy complete! 
[info] 
[info] Project Console: https://console.firebase.google.com/project/vishal-personal-portfolio/overview
[info] Hosting URL: https://vishal-personal-portfolio.web.app
[debug] [2022-12-13T13:12:00.850Z] Error: Timed out.
    at Timeout._onTimeout (/usr/lib/node_modules/firebase-tools/lib/utils.js:253:49)
    at listOnTimeout (node:internal/timers:564:17)
    at process.processTimers (node:internal/timers:507:7)
[error] 
[error] Error: An unexpected error has occurred.
